<?xml version="1.0" encoding="UTF-8"?>
<testng-results ignored="0" total="1" passed="1" failed="0" skipped="0">
  <reporter-output>
  </reporter-output>
  <suite started-at="2020-12-13T01:00:49 EST" name="Default suite" finished-at="2020-12-13T01:01:09 EST" duration-ms="20185">
    <groups>
    </groups>
    <test started-at="2020-12-13T01:00:49 EST" name="Default test" finished-at="2020-12-13T01:01:09 EST" duration-ms="20185">
      <class name="ObjectMethods.signInObjectMethod">
        <test-method signature="testcase()[pri:0, instance:ObjectMethods.signInObjectMethod@55634720]" started-at="2020-12-13T01:00:49 EST" name="testcase" finished-at="2020-12-13T01:01:09 EST" duration-ms="20059" status="PASS">
          <reporter-output>
          </reporter-output>
        </test-method> <!-- testcase -->
      </class> <!-- ObjectMethods.signInObjectMethod -->
    </test> <!-- Default test -->
  </suite> <!-- Default suite -->
</testng-results>
